<?xml version="1.0" encoding="UTF-8"?>
<!-- Generated by org.testng.reporters.JUnitReportReporter -->
<testsuite hostname="USER" failures="0" tests="1" name="testCases.TC_001_AccountRegistrationTest" time="2.149" errors="0" timestamp="2023-07-09T20:04:42 IST" skipped="0">
  <testcase classname="testCases.TC_001_AccountRegistrationTest" name="test_account_Registration" time="2.149"/>
</testsuite> <!-- testCases.TC_001_AccountRegistrationTest -->
