<?xml version="1.0" encoding="UTF-8"?>
<!-- Generated by org.testng.reporters.JUnitReportReporter -->
<testsuite hostname="USER" failures="0" tests="1" name="testCases.TC_002_LoginTest" time="1.213" errors="0" timestamp="2023-07-09T20:39:18 IST" skipped="0">
  <testcase classname="testCases.TC_002_LoginTest" name="test_Login" time="1.213"/>
  <system-out/>
</testsuite> <!-- testCases.TC_002_LoginTest -->
